<?xml version="1.0" encoding="utf-8"?><testsuites name="pytest tests"><testsuite name="pytest" errors="0" failures="0" skipped="0" tests="21" time="11.663" timestamp="2026-03-11T05:07:26.586243+00:00" hostname="agent-env-d1dc4473-9677-4101-abc7-d69b01ddc463"><testcase classname="backend.tests.test_business_debt.TestBusinessEnvironmentAPI" name="test_business_environment_returns_200" time="2.223" /><testcase classname="backend.tests.test_business_debt.TestBusinessEnvironmentAPI" name="test_business_environment_has_epu_data" time="0.148" /><testcase classname="backend.tests.test_business_debt.TestBusinessEnvironmentAPI" name="test_business_environment_has_confidence_data" time="0.164" /><testcase classname="backend.tests.test_business_debt.TestBusinessEnvironmentAPI" name="test_business_environment_has_sectors_data" time="0.112" /><testcase classname="backend.tests.test_business_debt.TestBusinessEnvironmentAPI" name="test_business_environment_has_drivers_data" time="0.102" /><testcase classname="backend.tests.test_business_debt.TestBusinessEnvironmentAPI" name="test_business_environment_has_history" time="0.111" /><testcase classname="backend.tests.test_business_debt.TestBusinessEnvironmentAPI" name="test_business_environment_epu_history" time="0.104" /><testcase classname="backend.tests.test_business_debt.TestBusinessEnvironmentAPI" name="test_business_environment_metadata" time="0.111" /><testcase classname="backend.tests.test_business_debt.TestGovDebtAPI" name="test_gov_debt_returns_200" time="0.520" /><testcase classname="backend.tests.test_business_debt.TestGovDebtAPI" name="test_gov_debt_has_latest_value" time="0.114" /><testcase classname="backend.tests.test_business_debt.TestGovDebtAPI" name="test_gov_debt_has_mom_change" time="0.109" /><testcase classname="backend.tests.test_business_debt.TestGovDebtAPI" name="test_gov_debt_has_history" time="0.107" /><testcase classname="backend.tests.test_business_debt.TestGovDebtAPI" name="test_gov_debt_breakdown" time="0.115" /><testcase classname="backend.tests.test_business_debt.TestEconomicEndpointsRegression" name="test_remittances_still_works" time="0.760" /><testcase classname="backend.tests.test_business_debt.TestEconomicEndpointsRegression" name="test_forex_reserves_still_works" time="0.778" /><testcase classname="backend.tests.test_business_debt.TestEconomicEndpointsRegression" name="test_gold_reserves_still_works" time="0.547" /><testcase classname="backend.tests.test_business_debt.TestEconomicEndpointsRegression" name="test_imports_still_works" time="0.512" /><testcase classname="backend.tests.test_business_debt.TestEconomicEndpointsRegression" name="test_exports_still_works" time="0.493" /><testcase classname="backend.tests.test_business_debt.TestEconomicEndpointsRegression" name="test_pkr_usd_still_works" time="3.673" /><testcase classname="backend.tests.test_business_debt.TestEconomicEndpointsRegression" name="test_current_account_still_works" time="0.600" /><testcase classname="backend.tests.test_business_debt.TestEconomicEndpointsRegression" name="test_liquid_forex_still_works" time="0.139" /></testsuite></testsuites>