<?xml version="1.0" encoding="utf-8"?><testsuites name="pytest tests"><testsuite name="pytest" errors="0" failures="0" skipped="0" tests="9" time="10.749" timestamp="2026-03-12T07:26:57.808833+00:00" hostname="agent-env-d1dc4473-9677-4101-abc7-d69b01ddc463"><testcase classname="backend.tests.test_fertilizer.TestFertilizerAPI" name="test_fertilizer_endpoint_returns_200" time="8.523" /><testcase classname="backend.tests.test_fertilizer.TestFertilizerAPI" name="test_fertilizer_returns_data_structure" time="0.128" /><testcase classname="backend.tests.test_fertilizer.TestFertilizerAPI" name="test_fertilizer_latest_has_correct_fields" time="0.140" /><testcase classname="backend.tests.test_fertilizer.TestFertilizerAPI" name="test_fertilizer_mom_change_exists" time="0.107" /><testcase classname="backend.tests.test_fertilizer.TestFertilizerAPI" name="test_fertilizer_categories_contains_urea_and_dap" time="0.111" /><testcase classname="backend.tests.test_fertilizer.TestFertilizerAPI" name="test_fertilizer_history_has_data_points" time="0.103" /><testcase classname="backend.tests.test_fertilizer.TestFertilizerAPI" name="test_fertilizer_history_ordered_chronologically" time="0.114" /><testcase classname="backend.tests.test_fertilizer.TestAutoVehiclesRegression" name="test_auto_vehicles_endpoint_returns_200" time="1.275" /><testcase classname="backend.tests.test_fertilizer.TestAutoVehiclesRegression" name="test_auto_vehicles_has_production_and_sales" time="0.141" /></testsuite></testsuites>