<?xml version="1.0" encoding="utf-8"?><testsuites name="pytest tests"><testsuite name="pytest" errors="0" failures="0" skipped="0" tests="29" time="9.676" timestamp="2026-03-10T09:00:36.427102+00:00" hostname="agent-env-d1dc4473-9677-4101-abc7-d69b01ddc463"><testcase classname="backend.tests.test_spi_enhancements.TestSPIWeeklyDataStructure" name="test_spi_weekly_returns_200" time="0.447" /><testcase classname="backend.tests.test_spi_enhancements.TestSPIWeeklyDataStructure" name="test_spi_weekly_has_latest_value" time="0.118" /><testcase classname="backend.tests.test_spi_enhancements.TestSPIWeeklyDataStructure" name="test_spi_weekly_has_week_ending_formatted" time="0.000" /><testcase classname="backend.tests.test_spi_enhancements.TestSPIWeeklyDataStructure" name="test_spi_weekly_has_quintile_q1" time="0.000" /><testcase classname="backend.tests.test_spi_enhancements.TestSPIWeeklyDataStructure" name="test_spi_weekly_has_quintile_q2" time="0.000" /><testcase classname="backend.tests.test_spi_enhancements.TestSPIWeeklyDataStructure" name="test_spi_weekly_has_quintile_q3" time="0.000" /><testcase classname="backend.tests.test_spi_enhancements.TestSPIWeeklyDataStructure" name="test_spi_weekly_has_quintile_q4" time="0.000" /><testcase classname="backend.tests.test_spi_enhancements.TestSPIWeeklyDataStructure" name="test_spi_weekly_has_quintile_q5" time="0.000" /><testcase classname="backend.tests.test_spi_enhancements.TestSPIWeeklyDataStructure" name="test_spi_weekly_has_increase_count" time="0.000" /><testcase classname="backend.tests.test_spi_enhancements.TestSPIWeeklyDataStructure" name="test_spi_weekly_has_decrease_count" time="0.000" /><testcase classname="backend.tests.test_spi_enhancements.TestSPIWeeklyDataStructure" name="test_spi_weekly_has_stable_count" time="0.000" /><testcase classname="backend.tests.test_spi_enhancements.TestSPIWeeklyDataStructure" name="test_spi_weekly_movement_counts_sum_reasonable" time="0.000" /><testcase classname="backend.tests.test_spi_enhancements.TestSPIWeeklyAvailableSeries" name="test_available_series_exists" time="0.124" /><testcase classname="backend.tests.test_spi_enhancements.TestSPIWeeklyAvailableSeries" name="test_available_series_includes_combined" time="0.000" /><testcase classname="backend.tests.test_spi_enhancements.TestSPIWeeklyAvailableSeries" name="test_available_series_includes_quintiles" time="0.000" /><testcase classname="backend.tests.test_spi_enhancements.TestSPIWeeklyAvailableSeries" name="test_series_labels_exists" time="0.000" /><testcase classname="backend.tests.test_spi_enhancements.TestSPIWeeklyAvailableSeries" name="test_series_labels_has_all_keys" time="0.000" /><testcase classname="backend.tests.test_spi_enhancements.TestSPIWeeklyHistory" name="test_history_not_empty" time="0.140" /><testcase classname="backend.tests.test_spi_enhancements.TestSPIWeeklyHistory" name="test_history_has_substantial_data" time="0.000" /><testcase classname="backend.tests.test_spi_enhancements.TestSPIWeeklyHistory" name="test_history_entries_have_quintiles" time="0.000" /><testcase classname="backend.tests.test_spi_enhancements.TestSPIWeeklyHistory" name="test_history_entries_have_week_ending_formatted" time="0.000" /><testcase classname="backend.tests.test_spi_enhancements.TestCPINoRegression" name="test_cpi_yoy_returns_200" time="0.959" /><testcase classname="backend.tests.test_spi_enhancements.TestCPINoRegression" name="test_cpi_yoy_has_data" time="0.112" /><testcase classname="backend.tests.test_spi_enhancements.TestCPINoRegression" name="test_cpi_mom_returns_200" time="1.508" /><testcase classname="backend.tests.test_spi_enhancements.TestCPINoRegression" name="test_cpi_mom_has_data" time="0.103" /><testcase classname="backend.tests.test_spi_enhancements.TestCPINoRegression" name="test_cpi_yoy_historical_returns_200" time="2.782" /><testcase classname="backend.tests.test_spi_enhancements.TestCPINoRegression" name="test_cpi_mom_historical_returns_200" time="2.852" /><testcase classname="backend.tests.test_spi_enhancements.TestSPIMonthlyNoRegression" name="test_spi_monthly_returns_200" time="0.330" /><testcase classname="backend.tests.test_spi_enhancements.TestSPIMonthlyNoRegression" name="test_spi_monthly_has_data" time="0.097" /></testsuite></testsuites>