<?xml version="1.0" encoding="utf-8"?><testsuites name="pytest tests"><testsuite name="pytest" errors="0" failures="0" skipped="0" tests="14" time="9.330" timestamp="2026-03-08T10:08:31.065904+00:00" hostname="agent-env-cedc3b8c-c0ff-4b87-a10e-957b9bc8d50f"><testcase classname="backend.tests.test_cpi_historical.TestCPIYoYHistorical" name="test_endpoint_returns_200" time="3.400" /><testcase classname="backend.tests.test_cpi_historical.TestCPIYoYHistorical" name="test_returns_656_plus_data_points" time="0.112" /><testcase classname="backend.tests.test_cpi_historical.TestCPIYoYHistorical" name="test_date_range_covers_60_years" time="0.112" /><testcase classname="backend.tests.test_cpi_historical.TestCPIYoYHistorical" name="test_returns_8_base_year_markers" time="0.111" /><testcase classname="backend.tests.test_cpi_historical.TestCPIYoYHistorical" name="test_base_year_markers_structure" time="0.103" /><testcase classname="backend.tests.test_cpi_historical.TestCPIYoYHistorical" name="test_history_includes_base_year_per_datapoint" time="0.151" /><testcase classname="backend.tests.test_cpi_historical.TestCPIYoYHistorical" name="test_latest_value_present" time="0.108" /><testcase classname="backend.tests.test_cpi_historical.TestCPIMoMHistorical" name="test_endpoint_returns_200" time="4.280" /><testcase classname="backend.tests.test_cpi_historical.TestCPIMoMHistorical" name="test_returns_significant_data_points" time="0.145" /><testcase classname="backend.tests.test_cpi_historical.TestCPIMoMHistorical" name="test_returns_8_base_year_markers" time="0.110" /><testcase classname="backend.tests.test_cpi_historical.TestAPIResponseStructure" name="test_yoy_source_is_sbp" time="0.145" /><testcase classname="backend.tests.test_cpi_historical.TestAPIResponseStructure" name="test_yoy_type_is_correct" time="0.110" /><testcase classname="backend.tests.test_cpi_historical.TestAPIResponseStructure" name="test_mom_type_is_correct" time="0.172" /><testcase classname="backend.tests.test_cpi_historical.TestAPIResponseStructure" name="test_updated_timestamp_present" time="0.111" /></testsuite></testsuites>