<?xml version="1.0" encoding="utf-8"?><testsuites name="pytest tests"><testsuite name="pytest" errors="0" failures="0" skipped="0" tests="24" time="4.138" timestamp="2026-03-08T09:52:49.192911+00:00" hostname="agent-env-cedc3b8c-c0ff-4b87-a10e-957b9bc8d50f"><testcase classname="backend.tests.test_cpi_inflation.TestCPIYoYEndpoint" name="test_cpi_yoy_returns_200" time="0.912" /><testcase classname="backend.tests.test_cpi_inflation.TestCPIYoYEndpoint" name="test_cpi_yoy_has_data_field" time="0.107" /><testcase classname="backend.tests.test_cpi_inflation.TestCPIYoYEndpoint" name="test_cpi_yoy_has_latest_value" time="0.101" /><testcase classname="backend.tests.test_cpi_inflation.TestCPIYoYEndpoint" name="test_cpi_yoy_has_previous_value" time="0.134" /><testcase classname="backend.tests.test_cpi_inflation.TestCPIYoYEndpoint" name="test_cpi_yoy_has_mom_change" time="0.106" /><testcase classname="backend.tests.test_cpi_inflation.TestCPIYoYEndpoint" name="test_cpi_yoy_has_yoy_comparison" time="0.139" /><testcase classname="backend.tests.test_cpi_inflation.TestCPIYoYEndpoint" name="test_cpi_yoy_has_history" time="0.108" /><testcase classname="backend.tests.test_cpi_inflation.TestCPIYoYEndpoint" name="test_cpi_yoy_has_source" time="0.144" /><testcase classname="backend.tests.test_cpi_inflation.TestCPIYoYEndpoint" name="test_cpi_yoy_has_name" time="0.105" /><testcase classname="backend.tests.test_cpi_inflation.TestCPIYoYEndpoint" name="test_cpi_yoy_has_type" time="0.108" /><testcase classname="backend.tests.test_cpi_inflation.TestCPIYoYEndpoint" name="test_cpi_yoy_value_reasonable_range" time="0.108" /><testcase classname="backend.tests.test_cpi_inflation.TestCPIMoMEndpoint" name="test_cpi_mom_returns_200" time="0.483" /><testcase classname="backend.tests.test_cpi_inflation.TestCPIMoMEndpoint" name="test_cpi_mom_has_data_field" time="0.111" /><testcase classname="backend.tests.test_cpi_inflation.TestCPIMoMEndpoint" name="test_cpi_mom_has_latest_value" time="0.102" /><testcase classname="backend.tests.test_cpi_inflation.TestCPIMoMEndpoint" name="test_cpi_mom_has_previous_value" time="0.104" /><testcase classname="backend.tests.test_cpi_inflation.TestCPIMoMEndpoint" name="test_cpi_mom_has_history" time="0.132" /><testcase classname="backend.tests.test_cpi_inflation.TestCPIMoMEndpoint" name="test_cpi_mom_has_source" time="0.100" /><testcase classname="backend.tests.test_cpi_inflation.TestCPIMoMEndpoint" name="test_cpi_mom_has_name" time="0.102" /><testcase classname="backend.tests.test_cpi_inflation.TestCPIMoMEndpoint" name="test_cpi_mom_has_type" time="0.100" /><testcase classname="backend.tests.test_cpi_inflation.TestCPIMoMEndpoint" name="test_cpi_mom_value_reasonable_range" time="0.096" /><testcase classname="backend.tests.test_cpi_inflation.TestCPIMoMEndpoint" name="test_cpi_mom_can_be_negative" time="0.102" /><testcase classname="backend.tests.test_cpi_inflation.TestCPIDataIntegrity" name="test_both_endpoints_same_latest_month" time="0.207" /><testcase classname="backend.tests.test_cpi_inflation.TestCPIDataIntegrity" name="test_history_data_from_2016_onwards" time="0.096" /><testcase classname="backend.tests.test_cpi_inflation.TestCPIDataIntegrity" name="test_history_dates_are_valid" time="0.098" /></testsuite></testsuites>