<?xml version="1.0" encoding="utf-8"?><testsuites name="pytest tests"><testsuite name="pytest" errors="0" failures="0" skipped="0" tests="28" time="4.180" timestamp="2026-02-27T07:26:02.518124+00:00" hostname="agent-env-e25da5b7-5a5a-4011-8aa6-f4482cd9a53a"><testcase classname="backend.tests.test_infrastructure.TestHealthEndpoint" name="test_health_returns_200" time="0.160" /><testcase classname="backend.tests.test_infrastructure.TestHealthEndpoint" name="test_health_returns_healthy_status" time="0.129" /><testcase classname="backend.tests.test_infrastructure.TestInfrastructureEndpoint" name="test_infrastructure_returns_200" time="1.073" /><testcase classname="backend.tests.test_infrastructure.TestInfrastructureEndpoint" name="test_infrastructure_has_all_sections" time="0.107" /><testcase classname="backend.tests.test_infrastructure.TestInfrastructureEndpoint" name="test_all_five_airports_present" time="0.101" /><testcase classname="backend.tests.test_infrastructure.TestInfrastructureEndpoint" name="test_islamabad_airport_data" time="0.113" /><testcase classname="backend.tests.test_infrastructure.TestInfrastructureEndpoint" name="test_karachi_airport_data" time="0.143" /><testcase classname="backend.tests.test_infrastructure.TestInfrastructureEndpoint" name="test_lahore_airport_data" time="0.097" /><testcase classname="backend.tests.test_infrastructure.TestInfrastructureEndpoint" name="test_peshawar_airport_data" time="0.102" /><testcase classname="backend.tests.test_infrastructure.TestInfrastructureEndpoint" name="test_multan_airport_data" time="0.094" /><testcase classname="backend.tests.test_infrastructure.TestInfrastructureEndpoint" name="test_airport_urls_are_valid" time="0.139" /><testcase classname="backend.tests.test_infrastructure.TestInfrastructureEndpoint" name="test_all_three_ports_present" time="0.095" /><testcase classname="backend.tests.test_infrastructure.TestInfrastructureEndpoint" name="test_karachi_port_data" time="0.098" /><testcase classname="backend.tests.test_infrastructure.TestInfrastructureEndpoint" name="test_port_qasim_data" time="0.097" /><testcase classname="backend.tests.test_infrastructure.TestInfrastructureEndpoint" name="test_gwadar_port_data" time="0.112" /><testcase classname="backend.tests.test_infrastructure.TestNewsEndpoint" name="test_news_returns_200" time="0.112" /><testcase classname="backend.tests.test_infrastructure.TestNewsEndpoint" name="test_news_returns_articles" time="0.127" /><testcase classname="backend.tests.test_infrastructure.TestNewsEndpoint" name="test_news_article_structure" time="0.106" /><testcase classname="backend.tests.test_infrastructure.TestEconomicEndpoint" name="test_economic_returns_200" time="0.112" /><testcase classname="backend.tests.test_infrastructure.TestEconomicEndpoint" name="test_economic_has_indicators" time="0.104" /><testcase classname="backend.tests.test_infrastructure.TestWeatherEndpoint" name="test_weather_returns_200" time="0.101" /><testcase classname="backend.tests.test_infrastructure.TestWeatherEndpoint" name="test_weather_has_cities" time="0.095" /><testcase classname="backend.tests.test_infrastructure.TestSecurityEndpoint" name="test_security_returns_200" time="0.102" /><testcase classname="backend.tests.test_infrastructure.TestSecurityEndpoint" name="test_security_has_alerts" time="0.110" /><testcase classname="backend.tests.test_infrastructure.TestRegionalEndpoint" name="test_regional_returns_200" time="0.103" /><testcase classname="backend.tests.test_infrastructure.TestRegionalEndpoint" name="test_regional_has_relations" time="0.103" /><testcase classname="backend.tests.test_infrastructure.TestMapDataEndpoint" name="test_map_data_returns_200" time="0.104" /><testcase classname="backend.tests.test_infrastructure.TestMapDataEndpoint" name="test_map_data_has_cities" time="0.109" /></testsuite></testsuites>