<?xml version="1.0" encoding="utf-8"?><testsuites name="pytest tests"><testsuite name="pytest" errors="0" failures="0" skipped="0" tests="16" time="13.939" timestamp="2026-03-10T08:51:43.694820+00:00" hostname="agent-env-d1dc4473-9677-4101-abc7-d69b01ddc463"><testcase classname="backend.tests.test_spi_inflation.TestSPIWeeklyAPI" name="test_spi_weekly_returns_200" time="0.506" /><testcase classname="backend.tests.test_spi_inflation.TestSPIWeeklyAPI" name="test_spi_weekly_has_data_structure" time="0.112" /><testcase classname="backend.tests.test_spi_inflation.TestSPIWeeklyAPI" name="test_spi_weekly_latest_value" time="0.137" /><testcase classname="backend.tests.test_spi_inflation.TestSPIWeeklyAPI" name="test_spi_weekly_change_metrics" time="0.116" /><testcase classname="backend.tests.test_spi_inflation.TestSPIWeeklyAPI" name="test_spi_weekly_history_not_empty" time="0.119" /><testcase classname="backend.tests.test_spi_inflation.TestSPIWeeklyAPI" name="test_spi_weekly_source_is_correct" time="0.164" /><testcase classname="backend.tests.test_spi_inflation.TestSPIMonthlyAPI" name="test_spi_monthly_returns_200" time="0.299" /><testcase classname="backend.tests.test_spi_inflation.TestSPIMonthlyAPI" name="test_spi_monthly_has_data_structure" time="0.107" /><testcase classname="backend.tests.test_spi_inflation.TestSPIMonthlyAPI" name="test_spi_monthly_latest_value" time="0.101" /><testcase classname="backend.tests.test_spi_inflation.TestSPIMonthlyAPI" name="test_spi_monthly_change_metrics" time="0.111" /><testcase classname="backend.tests.test_spi_inflation.TestSPIMonthlyAPI" name="test_spi_monthly_history_not_empty" time="0.131" /><testcase classname="backend.tests.test_spi_inflation.TestSPIMonthlyAPI" name="test_spi_monthly_source_is_correct" time="0.098" /><testcase classname="backend.tests.test_spi_inflation.TestCPIAPIsNotBroken" name="test_cpi_yoy_still_works" time="1.815" /><testcase classname="backend.tests.test_spi_inflation.TestCPIAPIsNotBroken" name="test_cpi_mom_still_works" time="1.299" /><testcase classname="backend.tests.test_spi_inflation.TestCPIAPIsNotBroken" name="test_cpi_yoy_historical_still_works" time="3.771" /><testcase classname="backend.tests.test_spi_inflation.TestCPIAPIsNotBroken" name="test_cpi_mom_historical_still_works" time="4.948" /></testsuite></testsuites>