<?xml version="1.0" encoding="utf-8"?><testsuites name="pytest tests"><testsuite name="pytest" errors="0" failures="0" skipped="0" tests="21" time="32.810" timestamp="2026-04-04T03:15:58.795424+00:00" hostname="agent-env-d7d865da-44a2-41ad-a998-46707c95dda3"><testcase classname="backend.tests.test_regional_panel.TestRegionalRelationsAPI" name="test_regional_endpoint_returns_200" time="30.363" /><testcase classname="backend.tests.test_regional_panel.TestRegionalRelationsAPI" name="test_regional_relations_endpoint_returns_200" time="0.153" /><testcase classname="backend.tests.test_regional_panel.TestRegionalRelationsAPI" name="test_regional_returns_valid_json_structure" time="0.122" /><testcase classname="backend.tests.test_regional_panel.TestRegionalRelationsAPI" name="test_regional_returns_20_countries" time="0.110" /><testcase classname="backend.tests.test_regional_panel.TestRegionalRelationsAPI" name="test_countries_grouped_correctly" time="0.127" /><testcase classname="backend.tests.test_regional_panel.TestRegionalRelationsAPI" name="test_neighbor_countries" time="0.124" /><testcase classname="backend.tests.test_regional_panel.TestRegionalRelationsAPI" name="test_gcc_countries" time="0.104" /><testcase classname="backend.tests.test_regional_panel.TestRegionalRelationsAPI" name="test_major_countries" time="0.134" /><testcase classname="backend.tests.test_regional_panel.TestRegionalRelationsAPI" name="test_eu_countries" time="0.106" /><testcase classname="backend.tests.test_regional_panel.TestRegionalRelationsAPI" name="test_country_has_required_fields" time="0.136" /><testcase classname="backend.tests.test_regional_panel.TestRegionalRelationsAPI" name="test_india_has_trade_structure" time="0.134" /><testcase classname="backend.tests.test_regional_panel.TestRegionalRelationsAPI" name="test_saudi_arabia_has_trade_data" time="0.120" /><testcase classname="backend.tests.test_regional_panel.TestRegionalRelationsAPI" name="test_united_states_has_trade_data" time="0.106" /><testcase classname="backend.tests.test_regional_panel.TestRegionalRelationsAPI" name="test_trade_history_structure" time="0.118" /><testcase classname="backend.tests.test_regional_panel.TestRegionalRelationsAPI" name="test_trade_values_format" time="0.108" /><testcase classname="backend.tests.test_regional_panel.TestRegionalRelationsAPI" name="test_country_has_visa_info" time="0.114" /><testcase classname="backend.tests.test_regional_panel.TestRegionalRelationsAPI" name="test_country_has_sources" time="0.107" /><testcase classname="backend.tests.test_regional_panel.TestRegionalRelationsAPI" name="test_country_without_remittances_returns_null" time="0.103" /><testcase classname="backend.tests.test_regional_panel.TestRegionalRelationsAPI" name="test_trade_balance_calculation" time="0.109" /><testcase classname="backend.tests.test_regional_panel.TestRegionalRelationsAPI" name="test_mom_change_structure" time="0.128" /><testcase classname="backend.tests.test_regional_panel.TestRegionalEndpointPerformance" name="test_endpoint_responds_within_timeout" time="0.100" /></testsuite></testsuites>