<?xml version="1.0" encoding="utf-8"?><testsuites name="pytest tests"><testsuite name="pytest" errors="0" failures="0" skipped="0" tests="16" time="15.790" timestamp="2026-03-12T04:05:58.741933+00:00" hostname="agent-env-d1dc4473-9677-4101-abc7-d69b01ddc463"><testcase classname="backend.tests.test_final_adjustments.TestBusinessEnvironmentDateRange" name="test_business_environment_api_status" time="2.113" /><testcase classname="backend.tests.test_final_adjustments.TestBusinessEnvironmentDateRange" name="test_confidence_date_range_full_window" time="0.146" /><testcase classname="backend.tests.test_final_adjustments.TestBusinessEnvironmentDateRange" name="test_confidence_history_end_date" time="0.117" /><testcase classname="backend.tests.test_final_adjustments.TestBusinessEnvironmentDateRange" name="test_epu_date_range" time="0.156" /><testcase classname="backend.tests.test_final_adjustments.TestFDIFullHistory" name="test_fdi_api_status" time="0.535" /><testcase classname="backend.tests.test_final_adjustments.TestFDIFullHistory" name="test_fdi_history_starts_from_1997" time="0.521" /><testcase classname="backend.tests.test_final_adjustments.TestFDIFullHistory" name="test_fdi_history_ends_at_latest_2026" time="0.490" /><testcase classname="backend.tests.test_final_adjustments.TestFDIFullHistory" name="test_fdi_data_point_count" time="0.526" /><testcase classname="backend.tests.test_final_adjustments.TestFDIFullHistory" name="test_fdi_latest_values" time="0.490" /><testcase classname="backend.tests.test_final_adjustments.TestFDIFullHistory" name="test_fdi_mom_change" time="0.524" /><testcase classname="backend.tests.test_final_adjustments.TestFDIColorSemantics" name="test_fdi_positive_change_is_positive_class" time="0.502" /><testcase classname="backend.tests.test_final_adjustments.TestRegressionAPIs" name="test_remittances_api" time="0.770" /><testcase classname="backend.tests.test_final_adjustments.TestRegressionAPIs" name="test_forex_reserves_api" time="0.777" /><testcase classname="backend.tests.test_final_adjustments.TestRegressionAPIs" name="test_gold_reserves_api" time="0.528" /><testcase classname="backend.tests.test_final_adjustments.TestRegressionAPIs" name="test_gov_debt_api" time="0.535" /><testcase classname="backend.tests.test_final_adjustments.TestRegressionAPIs" name="test_pkr_usd_api" time="6.981" /></testsuite></testsuites>