<?xml version="1.0" encoding="utf-8"?><testsuites name="pytest tests"><testsuite name="pytest" errors="0" failures="0" skipped="0" tests="12" time="21.309" timestamp="2026-04-04T07:01:37.030078+00:00" hostname="agent-env-d7d865da-44a2-41ad-a998-46707c95dda3"><testcase classname="backend.tests.test_regional_panel_v2.TestRegionalEndpoint" name="test_regional_endpoint_returns_200" time="19.825" /><testcase classname="backend.tests.test_regional_panel_v2.TestRegionalEndpoint" name="test_regional_returns_24_countries" time="0.176" /><testcase classname="backend.tests.test_regional_panel_v2.TestRegionalEndpoint" name="test_country_groupings" time="0.106" /><testcase classname="backend.tests.test_regional_panel_v2.TestRegionalEndpoint" name="test_central_asia_countries" time="0.106" /><testcase classname="backend.tests.test_regional_panel_v2.TestRegionalEndpoint" name="test_major_group_includes_russia" time="0.143" /><testcase classname="backend.tests.test_regional_panel_v2.TestRegionalEndpoint" name="test_all_countries_have_required_fields" time="0.099" /><testcase classname="backend.tests.test_regional_panel_v2.TestRegionalEndpoint" name="test_india_status_is_tense_suspended" time="0.104" /><testcase classname="backend.tests.test_regional_panel_v2.TestRegionalEndpoint" name="test_china_status_is_strategic_partnership" time="0.128" /><testcase classname="backend.tests.test_regional_panel_v2.TestRegionalEndpoint" name="test_azerbaijan_has_all_details" time="0.104" /><testcase classname="backend.tests.test_regional_panel_v2.TestRegionalEndpoint" name="test_embassy_urls_format" time="0.112" /><testcase classname="backend.tests.test_regional_panel_v2.TestRegionalEndpoint" name="test_no_emoji_flags_in_response" time="0.102" /><testcase classname="backend.tests.test_regional_panel_v2.TestRegionalEndpoint" name="test_visa_structure" time="0.100" /></testsuite></testsuites>