<?xml version="1.0" encoding="utf-8"?><testsuites name="pytest tests"><testsuite name="pytest" errors="0" failures="0" skipped="0" tests="16" time="3.168" timestamp="2026-03-06T08:09:27.725357+00:00" hostname="agent-env-cedc3b8c-c0ff-4b87-a10e-957b9bc8d50f"><testcase classname="backend.tests.test_psx_data.TestPSXDataEndpoint" name="test_psx_data_returns_200" time="1.378" /><testcase classname="backend.tests.test_psx_data.TestPSXDataEndpoint" name="test_psx_data_has_data_field" time="0.119" /><testcase classname="backend.tests.test_psx_data.TestPSXDataEndpoint" name="test_psx_data_has_value" time="0.111" /><testcase classname="backend.tests.test_psx_data.TestPSXDataEndpoint" name="test_psx_data_has_change" time="0.133" /><testcase classname="backend.tests.test_psx_data.TestPSXDataEndpoint" name="test_psx_data_has_change_percent" time="0.130" /><testcase classname="backend.tests.test_psx_data.TestPSXDataEndpoint" name="test_psx_data_has_high" time="0.138" /><testcase classname="backend.tests.test_psx_data.TestPSXDataEndpoint" name="test_psx_data_has_low" time="0.099" /><testcase classname="backend.tests.test_psx_data.TestPSXDataEndpoint" name="test_psx_data_has_volume" time="0.121" /><testcase classname="backend.tests.test_psx_data.TestPSXDataEndpoint" name="test_psx_data_has_previous_close" time="0.106" /><testcase classname="backend.tests.test_psx_data.TestPSXDataEndpoint" name="test_psx_data_has_yoy_change" time="0.097" /><testcase classname="backend.tests.test_psx_data.TestPSXDataEndpoint" name="test_psx_data_has_ytd_change" time="0.099" /><testcase classname="backend.tests.test_psx_data.TestPSXDataEndpoint" name="test_psx_data_has_source" time="0.125" /><testcase classname="backend.tests.test_psx_data.TestPSXDataEndpoint" name="test_psx_data_has_timestamp" time="0.099" /><testcase classname="backend.tests.test_psx_data.TestPSXDataEndpoint" name="test_psx_data_high_greater_than_low" time="0.106" /><testcase classname="backend.tests.test_psx_data.TestPSXDataEndpoint" name="test_psx_data_value_within_range" time="0.095" /><testcase classname="backend.tests.test_psx_data.TestPSXDataEndpoint" name="test_psx_data_change_percent_reasonable" time="0.097" /></testsuite></testsuites>