<?xml version="1.0" encoding="utf-8"?><testsuites name="pytest tests"><testsuite name="pytest" errors="0" failures="0" skipped="0" tests="17" time="14.961" timestamp="2026-03-12T06:49:56.211810+00:00" hostname="agent-env-d1dc4473-9677-4101-abc7-d69b01ddc463"><testcase classname="backend.tests.test_auto_vehicles.TestAutoVehiclesAPI" name="test_auto_vehicles_returns_200" time="7.797" /><testcase classname="backend.tests.test_auto_vehicles.TestAutoVehiclesAPI" name="test_auto_vehicles_response_structure" time="0.186" /><testcase classname="backend.tests.test_auto_vehicles.TestAutoVehiclesAPI" name="test_production_block_structure" time="0.167" /><testcase classname="backend.tests.test_auto_vehicles.TestAutoVehiclesAPI" name="test_sales_block_structure" time="0.118" /><testcase classname="backend.tests.test_auto_vehicles.TestAutoVehiclesAPI" name="test_production_categories" time="0.128" /><testcase classname="backend.tests.test_auto_vehicles.TestAutoVehiclesAPI" name="test_sales_categories" time="0.115" /><testcase classname="backend.tests.test_auto_vehicles.TestAutoVehiclesAPI" name="test_production_history_has_category_data" time="0.118" /><testcase classname="backend.tests.test_auto_vehicles.TestAutoVehiclesAPI" name="test_sales_history_has_category_data" time="0.115" /><testcase classname="backend.tests.test_auto_vehicles.TestAutoVehiclesAPI" name="test_mom_change_calculations" time="0.109" /><testcase classname="backend.tests.test_auto_vehicles.TestKeyEconomicIndicatorsRegression" name="test_economic_returns_200" time="0.105" /><testcase classname="backend.tests.test_auto_vehicles.TestKeyEconomicIndicatorsRegression" name="test_lsm_returns_200" time="2.862" /><testcase classname="backend.tests.test_auto_vehicles.TestKeyEconomicIndicatorsRegression" name="test_lsm_historical_returns_200" time="0.113" /><testcase classname="backend.tests.test_auto_vehicles.TestKeyEconomicIndicatorsRegression" name="test_cpi_yoy_returns_200" time="0.517" /><testcase classname="backend.tests.test_auto_vehicles.TestKeyEconomicIndicatorsRegression" name="test_cpi_mom_returns_200" time="0.531" /><testcase classname="backend.tests.test_auto_vehicles.TestKeyEconomicIndicatorsRegression" name="test_business_environment_returns_200" time="0.957" /><testcase classname="backend.tests.test_auto_vehicles.TestKeyEconomicIndicatorsRegression" name="test_remittances_returns_200" time="0.829" /><testcase classname="backend.tests.test_auto_vehicles.TestLSMModalRegression" name="test_lsm_historical_returns_data" time="0.104" /></testsuite></testsuites>