<?xml version="1.0" encoding="utf-8"?><testsuites name="pytest tests"><testsuite name="pytest" errors="0" failures="0" skipped="0" tests="12" time="8.191" timestamp="2026-03-13T22:26:26.621063+00:00" hostname="agent-env-d1dc4473-9677-4101-abc7-d69b01ddc463"><testcase classname="backend.tests.test_news_security_features.TestNewsFeatures" name="test_news_endpoint_returns_200" time="6.673" /><testcase classname="backend.tests.test_news_security_features.TestNewsFeatures" name="test_news_includes_al_jazeera_source" time="0.161" /><testcase classname="backend.tests.test_news_security_features.TestNewsFeatures" name="test_news_includes_the_news_source" time="0.126" /><testcase classname="backend.tests.test_news_security_features.TestNewsFeatures" name="test_news_filters_entertainment_sports" time="0.128" /><testcase classname="backend.tests.test_news_security_features.TestSecurityFeatures" name="test_security_endpoint_returns_200" time="0.138" /><testcase classname="backend.tests.test_news_security_features.TestSecurityFeatures" name="test_security_returns_alerts_array" time="0.120" /><testcase classname="backend.tests.test_news_security_features.TestSecurityFeatures" name="test_security_alerts_have_required_fields" time="0.161" /><testcase classname="backend.tests.test_news_security_features.TestSecurityFeatures" name="test_security_buckets_include_all_types" time="0.161" /><testcase classname="backend.tests.test_news_security_features.TestSecurityFeatures" name="test_petroleum_dealer_classified_as_economic" time="0.116" /><testcase classname="backend.tests.test_news_security_features.TestSecurityFeatures" name="test_security_alert_severity_levels" time="0.115" /><testcase classname="backend.tests.test_news_security_features.TestSecurityFeatures" name="test_alerts_have_source_info" time="0.102" /><testcase classname="backend.tests.test_news_security_features.TestAlertCategorizationLogic" name="test_energy_bucket_includes_power_keywords" time="0.124" /></testsuite></testsuites>